<?xml version="1.0" encoding="UTF-8"?>
<!-- Generated by org.testng.reporters.JUnitReportReporter -->
<testsuite skipped="0" hostname="LAPTOP-HN641TBH" name="SaiMavenProject.MavenJava.appiumTest" tests="2" failures="0" timestamp="2020-09-02T10:37:00 CDT" time="0.001" errors="0">
  <testcase name="appsInUi" time="0.001" classname="SaiMavenProject.MavenJava.appiumTest"/>
  <system-out/>
  <testcase name="appiumMobileAutomation" time="0.000" classname="SaiMavenProject.MavenJava.appiumTest"/>
  <system-out/>
</testsuite> <!-- SaiMavenProject.MavenJava.appiumTest -->
