<?xml version="1.0" encoding="UTF-8"?>
<!-- Generated by org.testng.reporters.JUnitReportReporter -->
<testsuite skipped="0" hostname="LAPTOP-HN641TBH" name="SaiMavenProject.MavenJava.SeleniumTest" tests="2" failures="0" timestamp="2020-09-02T10:37:00 CDT" time="0.000" errors="0">
  <testcase name="uiElements" time="0.000" classname="SaiMavenProject.MavenJava.SeleniumTest"/>
  <system-out/>
  <testcase name="browserAutomation" time="0.000" classname="SaiMavenProject.MavenJava.SeleniumTest"/>
  <system-out/>
</testsuite> <!-- SaiMavenProject.MavenJava.SeleniumTest -->
