<?xml version="1.0" encoding="UTF-8"?>
<!-- Generated by org.testng.reporters.JUnitReportReporter -->
<testsuite skipped="0" hostname="LAPTOP-HN641TBH" name="SaiMavenProject.MavenJava.APITest" tests="2" failures="0" timestamp="2020-09-02T10:37:00 CDT" time="0.006" errors="0">
  <testcase name="triggerServiceCalls" time="0.001" classname="SaiMavenProject.MavenJava.APITest"/>
  <system-out/>
  <testcase name="apiAutomation" time="0.005" classname="SaiMavenProject.MavenJava.APITest"/>
  <system-out/>
</testsuite> <!-- SaiMavenProject.MavenJava.APITest -->
