<?xml version="1.0" encoding="UTF-8"?>
<!-- Generated by org.testng.reporters.JUnitReportReporter -->
<testsuite skipped="0" hostname="LAPTOP-HN641TBH" name="SaiMavenProject.MavenJava.AppTest" tests="1" failures="0" timestamp="2020-09-02T10:37:00 CDT" time="0.045" errors="0">
  <testcase name="testApp" time="0.045" classname="SaiMavenProject.MavenJava.AppTest"/>
  <system-out/>
</testsuite> <!-- SaiMavenProject.MavenJava.AppTest -->
