<?xml version="1.0" encoding="UTF-8"?>
<!-- Generated by org.testng.reporters.JUnitReportReporter -->
<testsuite skipped="0" hostname="LAPTOP-HN641TBH" name="SaiMavenProject.MavenJava.appiumTest" tests="1" failures="0" timestamp="2020-08-27T14:27:06 CDT" time="0.036" errors="0">
  <testcase name="appiumMobileAutomation" time="0.036" classname="SaiMavenProject.MavenJava.appiumTest"/>
  <system-out/>
</testsuite> <!-- SaiMavenProject.MavenJava.appiumTest -->
