<?xml version="1.0" encoding="UTF-8"?>
<!-- Generated by org.testng.reporters.JUnitReportReporter -->
<testsuite skipped="0" hostname="LAPTOP-HN641TBH" name="SaiMavenProject.MavenJava.SeleniumTest" tests="2" failures="0" timestamp="2020-08-27T14:27:06 CDT" time="0.004" errors="0">
  <testcase name="browserAutomation" time="0.003" classname="SaiMavenProject.MavenJava.SeleniumTest"/>
  <system-out/>
  <testcase name="uiElements" time="0.001" classname="SaiMavenProject.MavenJava.SeleniumTest"/>
  <system-out/>
</testsuite> <!-- SaiMavenProject.MavenJava.SeleniumTest -->
