<?xml version="1.0" encoding="UTF-8"?>
<!-- Generated by org.testng.reporters.JUnitReportReporter -->
<testsuite skipped="0" hostname="LAPTOP-HN641TBH" name="SaiMavenProject.MavenJava.APITest" tests="2" failures="0" timestamp="2020-08-27T14:27:06 CDT" time="0.005" errors="0">
  <testcase name="triggerServiceCalls" time="0.003" classname="SaiMavenProject.MavenJava.APITest"/>
  <system-out/>
  <testcase name="apiAutomation" time="0.002" classname="SaiMavenProject.MavenJava.APITest"/>
  <system-out/>
</testsuite> <!-- SaiMavenProject.MavenJava.APITest -->
